2024-01-25T11:27:56.371-03:00  INFO 8812 --- [main] c.c.mvc.SpringmvcdemoprojectApplication  : Starting SpringmvcdemoprojectApplication using Java 21.0.1 with PID 8812 (C:\Users\Bruno AP\Desktop\cursoJavaSpringBoot\Spring AOP\target\classes started by Bruno AP in C:\Users\Bruno AP\Desktop\cursoJavaSpringBoot\Spring AOP)
2024-01-25T11:27:56.373-03:00  INFO 8812 --- [main] c.c.mvc.SpringmvcdemoprojectApplication  : No active profile set, falling back to 1 default profile: "default"
2024-01-25T11:27:56.776-03:00  INFO 8812 --- [main] .s.d.r.c.RepositoryConfigurationDelegate : Bootstrapping Spring Data JPA repositories in DEFAULT mode.
2024-01-25T11:27:56.821-03:00  INFO 8812 --- [main] .s.d.r.c.RepositoryConfigurationDelegate : Finished Spring Data repository scanning in 32 ms. Found 1 JPA repository interface.
2024-01-25T11:27:57.227-03:00  INFO 8812 --- [main] o.s.b.w.embedded.tomcat.TomcatWebServer  : Tomcat initialized with port 8080 (http)
2024-01-25T11:27:57.236-03:00  INFO 8812 --- [main] o.apache.catalina.core.StandardService   : Starting service [Tomcat]
2024-01-25T11:27:57.236-03:00  INFO 8812 --- [main] o.apache.catalina.core.StandardEngine    : Starting Servlet engine: [Apache Tomcat/10.1.17]
2024-01-25T11:27:57.357-03:00  INFO 8812 --- [main] org.apache.jasper.servlet.TldScanner     : At least one JAR was scanned for TLDs yet contained no TLDs. Enable debug logging for this logger for a complete list of JARs that were scanned but no TLDs were found in them. Skipping unneeded JARs during scanning can improve startup time and JSP compilation time.
2024-01-25T11:27:57.360-03:00  INFO 8812 --- [main] o.a.c.c.C.[Tomcat].[localhost].[/]       : Initializing Spring embedded WebApplicationContext
2024-01-25T11:27:57.360-03:00  INFO 8812 --- [main] w.s.c.ServletWebServerApplicationContext : Root WebApplicationContext: initialization completed in 958 ms
2024-01-25T11:27:57.453-03:00  INFO 8812 --- [main] com.zaxxer.hikari.HikariDataSource       : HikariPool-1 - Starting...
2024-01-25T11:27:57.696-03:00  INFO 8812 --- [main] com.zaxxer.hikari.pool.HikariPool        : HikariPool-1 - Added connection com.mysql.cj.jdbc.ConnectionImpl@61808ecd
2024-01-25T11:27:57.698-03:00  INFO 8812 --- [main] com.zaxxer.hikari.HikariDataSource       : HikariPool-1 - Start completed.
2024-01-25T11:27:57.728-03:00  INFO 8812 --- [main] o.hibernate.jpa.internal.util.LogHelper  : HHH000204: Processing PersistenceUnitInfo [name: default]
2024-01-25T11:27:57.769-03:00  INFO 8812 --- [main] org.hibernate.Version                    : HHH000412: Hibernate ORM core version 6.4.1.Final
2024-01-25T11:27:57.795-03:00  INFO 8812 --- [main] o.h.c.internal.RegionFactoryInitiator    : HHH000026: Second-level cache disabled
2024-01-25T11:27:57.982-03:00  INFO 8812 --- [main] o.s.o.j.p.SpringPersistenceUnitInfo      : No LoadTimeWeaver setup: ignoring JPA class transformer
2024-01-25T11:27:58.034-03:00  WARN 8812 --- [main] org.hibernate.orm.deprecation            : HHH90000025: MySQLDialect does not need to be specified explicitly using 'hibernate.dialect' (remove the property setting and it will be selected by default)
2024-01-25T11:27:58.593-03:00  INFO 8812 --- [main] o.h.e.t.j.p.i.JtaPlatformInitiator       : HHH000489: No JTA platform available (set 'hibernate.transaction.jta.platform' to enable JTA platform integration)
2024-01-25T11:27:58.596-03:00  INFO 8812 --- [main] j.LocalContainerEntityManagerFactoryBean : Initialized JPA EntityManagerFactory for persistence unit 'default'
2024-01-25T11:27:58.751-03:00  INFO 8812 --- [main] o.s.d.j.r.query.QueryEnhancerFactory     : Hibernate is in classpath; If applicable, HQL parser will be used.
2024-01-25T11:27:59.068-03:00  WARN 8812 --- [main] JpaBaseConfiguration$JpaWebConfiguration : spring.jpa.open-in-view is enabled by default. Therefore, database queries may be performed during view rendering. Explicitly configure spring.jpa.open-in-view to disable this warning
2024-01-25T11:27:59.085-03:00  INFO 8812 --- [main] o.s.b.a.w.s.WelcomePageHandlerMapping    : Adding welcome page template: index
2024-01-25T11:27:59.309-03:00  INFO 8812 --- [main] o.s.b.w.embedded.tomcat.TomcatWebServer  : Tomcat started on port 8080 (http) with context path ''
2024-01-25T11:27:59.314-03:00  INFO 8812 --- [main] c.c.mvc.SpringmvcdemoprojectApplication  : Started SpringmvcdemoprojectApplication in 3.225 seconds (process running for 3.736)
2024-01-25T11:28:03.334-03:00  INFO 8812 --- [http-nio-8080-exec-2] o.a.c.c.C.[Tomcat].[localhost].[/]       : Initializing Spring DispatcherServlet 'dispatcherServlet'
2024-01-25T11:28:03.334-03:00  INFO 8812 --- [http-nio-8080-exec-2] o.s.web.servlet.DispatcherServlet        : Initializing Servlet 'dispatcherServlet'
2024-01-25T11:28:03.335-03:00  INFO 8812 --- [http-nio-8080-exec-2] o.s.web.servlet.DispatcherServlet        : Completed initialization in 1 ms
2024-01-25T11:28:03.356-03:00  INFO 8812 --- [http-nio-8080-exec-2] com.cursojavaspring.mvc.LoggingAspect    : GetAliens method called
2024-01-25T11:40:50.010-03:00  INFO 8812 --- [RMI TCP Connection(17)-127.0.0.1] inMXBeanRegistrar$SpringApplicationAdmin : Application shutdown requested.
2024-01-25T11:40:50.016-03:00  INFO 8812 --- [RMI TCP Connection(17)-127.0.0.1] j.LocalContainerEntityManagerFactoryBean : Closing JPA EntityManagerFactory for persistence unit 'default'
2024-01-25T11:40:50.018-03:00  INFO 8812 --- [RMI TCP Connection(17)-127.0.0.1] com.zaxxer.hikari.HikariDataSource       : HikariPool-1 - Shutdown initiated...
2024-01-25T11:40:50.023-03:00  INFO 8812 --- [RMI TCP Connection(17)-127.0.0.1] com.zaxxer.hikari.HikariDataSource       : HikariPool-1 - Shutdown completed.
